2013/11/18 10:49:56 [error] [exception.CHttpException.404] exception 'CHttpException' with message 'Unable to resolve the request "assets/4fc82913/css/images/ui-bg_glass_75_ffffff_1x400.png".' in /usr/local/zend/apache2/htdocs/framework/web/CWebApplication.php:286
Stack trace:
#0 /usr/local/zend/apache2/htdocs/framework/web/CWebApplication.php(141): CWebApplication->runController('assets/4fc82913...')
#1 /usr/local/zend/apache2/htdocs/framework/base/CApplication.php(180): CWebApplication->processRequest()
#2 /usr/local/zend/apache2/htdocs/aphris/index.php(9): CApplication->run()
#3 {main}
REQUEST_URI=/aphris/assets/4fc82913/css/images/ui-bg_glass_75_ffffff_1x400.png
HTTP_REFERER=http://localhost/aphris/m1/gPermission
---
2013/11/18 10:55:14 [error] [exception.CException] exception 'CException' with message 'Property "TbButtonColumn.0" is not defined.' in /usr/local/zend/apache2/htdocs/framework/base/CComponent.php:173
Stack trace:
#0 /usr/local/zend/apache2/htdocs/framework/YiiBase.php(220): CComponent->__set('0', Array)
#1 /usr/local/zend/apache2/htdocs/framework/zii/widgets/grid/CGridView.php(388): YiiBase::createComponent(Array, Object(TbGridView))
#2 /usr/local/zend/apache2/htdocs/aphris/protected/extensions/bootstrap/widgets/TbGridView.php(96): CGridView->initColumns()
#3 /usr/local/zend/apache2/htdocs/framework/zii/widgets/grid/CGridView.php(359): TbGridView->initColumns()
#4 /usr/local/zend/apache2/htdocs/aphris/protected/extensions/bootstrap/widgets/TbGridView.php(55): CGridView->init()
#5 /usr/local/zend/apache2/htdocs/framework/web/CBaseController.php(147): TbGridView->init()
#6 /usr/local/zend/apache2/htdocs/framework/web/CBaseController.php(172): CBaseController->createWidget('bootstrap.widge...', Array)
#7 /usr/local/zend/apache2/htdocs/aphris/protected/modules/m1/views/gPermission/_tabList.php(76): CBaseController->widget('bootstrap.widge...', Array)
#8 /usr/local/zend/apache2/htdocs/framework/web/CBaseController.php(126): require('/usr/local/zend...')
#9 /usr/local/zend/apache2/htdocs/framework/web/CBaseController.php(95): CBaseController->renderInternal('/usr/local/zend...', Array, true)
#10 /usr/local/zend/apache2/htdocs/framework/web/CController.php(869): CBaseController->renderFile('/usr/local/zend...', Array, true)
#11 /usr/local/zend/apache2/htdocs/aphris/protected/modules/m1/views/gPermission/view.php(43): CController->renderPartial('_tabList', Array, true)
#12 /usr/local/zend/apache2/htdocs/framework/web/CBaseController.php(126): require('/usr/local/zend...')
#13 /usr/local/zend/apache2/htdocs/framework/web/CBaseController.php(95): CBaseController->renderInternal('/usr/local/zend...', Array, true)
#14 /usr/local/zend/apache2/htdocs/framework/web/CController.php(869): CBaseController->renderFile('/usr/local/zend...', Array, true)
#15 /usr/local/zend/apache2/htdocs/framework/web/CController.php(782): CController->renderPartial('view', Array, true)
#16 /usr/local/zend/apache2/htdocs/aphris/protected/modules/m1/controllers/GPermissionController.php(27): CController->render('view', Array)
#17 [internal function]: GPermissionController->actionView('9268')
#18 /usr/local/zend/apache2/htdocs/framework/web/actions/CAction.php(108): ReflectionMethod->invokeArgs(Object(GPermissionController), Array)
#19 /usr/local/zend/apache2/htdocs/framework/web/actions/CInlineAction.php(47): CAction->runWithParamsInternal(Object(GPermissionController), Object(ReflectionMethod), Array)
#20 /usr/local/zend/apache2/htdocs/framework/web/CController.php(308): CInlineAction->runWithParams(Array)
#21 /usr/local/zend/apache2/htdocs/framework/web/filters/CFilterChain.php(133): CController->runAction(Object(CInlineAction))
#22 /usr/local/zend/apache2/htdocs/framework/web/filters/CFilter.php(40): CFilterChain->run()
#23 /usr/local/zend/apache2/htdocs/aphris/protected/components/Controller.php(35): CFilter->filter(Object(CFilterChain))
#24 /usr/local/zend/apache2/htdocs/framework/web/filters/CInlineFilter.php(58): Controller->filterRights(Object(CFilterChain))
#25 /usr/local/zend/apache2/htdocs/framework/web/filters/CFilterChain.php(130): CInlineFilter->filter(Object(CFilterChain))
#26 /usr/local/zend/apache2/htdocs/framework/web/CController.php(291): CFilterChain->run()
#27 /usr/local/zend/apache2/htdocs/framework/web/CController.php(265): CController->runActionWithFilters(Object(CInlineAction), Array)
#28 /usr/local/zend/apache2/htdocs/framework/web/CWebApplication.php(282): CController->run('view')
#29 /usr/local/zend/apache2/htdocs/framework/web/CWebApplication.php(141): CWebApplication->runController('m1/gPermission/...')
#30 /usr/local/zend/apache2/htdocs/framework/base/CApplication.php(180): CWebApplication->processRequest()
#31 /usr/local/zend/apache2/htdocs/aphris/index.php(9): CApplication->run()
#32 {main}
REQUEST_URI=/aphris/m1/gPermission/view/id/9268
HTTP_REFERER=http://localhost/aphris/m1/gPermission
---
2013/11/18 10:56:58 [error] [exception.CHttpException.404] exception 'CHttpException' with message 'The requested page does not exist.' in /usr/local/zend/apache2/htdocs/aphris/protected/modules/m1/controllers/GLeaveController.php:493
Stack trace:
#0 [internal function]: GLeaveController->actionPrintLeave('1359')
#1 /usr/local/zend/apache2/htdocs/framework/web/actions/CAction.php(108): ReflectionMethod->invokeArgs(Object(GLeaveController), Array)
#2 /usr/local/zend/apache2/htdocs/framework/web/actions/CInlineAction.php(47): CAction->runWithParamsInternal(Object(GLeaveController), Object(ReflectionMethod), Array)
#3 /usr/local/zend/apache2/htdocs/framework/web/CController.php(308): CInlineAction->runWithParams(Array)
#4 /usr/local/zend/apache2/htdocs/framework/web/filters/CFilterChain.php(133): CController->runAction(Object(CInlineAction))
#5 /usr/local/zend/apache2/htdocs/framework/web/filters/CFilter.php(40): CFilterChain->run()
#6 /usr/local/zend/apache2/htdocs/aphris/protected/components/Controller.php(35): CFilter->filter(Object(CFilterChain))
#7 /usr/local/zend/apache2/htdocs/framework/web/filters/CInlineFilter.php(58): Controller->filterRights(Object(CFilterChain))
#8 /usr/local/zend/apache2/htdocs/framework/web/filters/CFilterChain.php(130): CInlineFilter->filter(Object(CFilterChain))
#9 /usr/local/zend/apache2/htdocs/framework/web/CController.php(291): CFilterChain->run()
#10 /usr/local/zend/apache2/htdocs/framework/web/CController.php(265): CController->runActionWithFilters(Object(CInlineAction), Array)
#11 /usr/local/zend/apache2/htdocs/framework/web/CWebApplication.php(282): CController->run('printLeave')
#12 /usr/local/zend/apache2/htdocs/framework/web/CWebApplication.php(141): CWebApplication->runController('m1/gLeave/print...')
#13 /usr/local/zend/apache2/htdocs/framework/base/CApplication.php(180): CWebApplication->processRequest()
#14 /usr/local/zend/apache2/htdocs/aphris/index.php(9): CApplication->run()
#15 {main}
REQUEST_URI=/aphris/m1/gLeave/printLeave/id/1359
HTTP_REFERER=http://localhost/aphris/m1/gPermission/view/id/9268
---
2013/11/18 10:57:13 [error] [exception.CHttpException.404] exception 'CHttpException' with message 'The system is unable to find the requested action "printPermission".' in /usr/local/zend/apache2/htdocs/framework/web/CController.php:483
Stack trace:
#0 /usr/local/zend/apache2/htdocs/framework/web/CController.php(270): CController->missingAction('printPermission')
#1 /usr/local/zend/apache2/htdocs/framework/web/CWebApplication.php(282): CController->run('printPermission')
#2 /usr/local/zend/apache2/htdocs/framework/web/CWebApplication.php(141): CWebApplication->runController('m1/gLeave/print...')
#3 /usr/local/zend/apache2/htdocs/framework/base/CApplication.php(180): CWebApplication->processRequest()
#4 /usr/local/zend/apache2/htdocs/aphris/index.php(9): CApplication->run()
#5 {main}
REQUEST_URI=/aphris/m1/gLeave/printPermission/id/1359
HTTP_REFERER=http://localhost/aphris/m1/gPermission/view/id/9268
---
2013/11/18 14:00:21 [error] [exception.CHttpException.404] exception 'CHttpException' with message 'Unable to resolve the request "assets/4fc82913/css/images/ui-bg_glass_75_ffffff_1x400.png".' in /usr/local/zend/apache2/htdocs/framework/web/CWebApplication.php:286
Stack trace:
#0 /usr/local/zend/apache2/htdocs/framework/web/CWebApplication.php(141): CWebApplication->runController('assets/4fc82913...')
#1 /usr/local/zend/apache2/htdocs/framework/base/CApplication.php(180): CWebApplication->processRequest()
#2 /usr/local/zend/apache2/htdocs/aphris/index.php(9): CApplication->run()
#3 {main}
REQUEST_URI=/aphris/assets/4fc82913/css/images/ui-bg_glass_75_ffffff_1x400.png
HTTP_REFERER=http://localhost/aphris/m1/hApplicant/create
---
2013/11/18 17:18:53 [error] [exception.CHttpException.404] exception 'CHttpException' with message 'Unable to resolve the request "assets/4fc82913/img/glyphicons-halflings-white.png".' in /usr/local/zend/apache2/htdocs/framework/web/CWebApplication.php:286
Stack trace:
#0 /usr/local/zend/apache2/htdocs/framework/web/CWebApplication.php(141): CWebApplication->runController('assets/4fc82913...')
#1 /usr/local/zend/apache2/htdocs/framework/base/CApplication.php(180): CWebApplication->processRequest()
#2 /usr/local/zend/apache2/htdocs/aphris/index.php(9): CApplication->run()
#3 {main}
REQUEST_URI=/aphris/assets/4fc82913/img/glyphicons-halflings-white.png
HTTP_REFERER=http://localhost/aphris/m1/hVacancy/create
---
2013/11/18 17:18:55 [error] [exception.CHttpException.404] exception 'CHttpException' with message 'Unable to resolve the request "assets/86166d28/js/bootstrap.bootbox.min.js".' in /usr/local/zend/apache2/htdocs/framework/web/CWebApplication.php:286
Stack trace:
#0 /usr/local/zend/apache2/htdocs/framework/web/CWebApplication.php(141): CWebApplication->runController('assets/86166d28...')
#1 /usr/local/zend/apache2/htdocs/framework/base/CApplication.php(180): CWebApplication->processRequest()
#2 /usr/local/zend/apache2/htdocs/aphris/index.php(9): CApplication->run()
#3 {main}
REQUEST_URI=/aphris/assets/86166d28/js/bootstrap.bootbox.min.js
HTTP_REFERER=http://localhost/aphris/site
---
2013/11/18 17:18:55 [error] [exception.CHttpException.404] exception 'CHttpException' with message 'Unable to resolve the request "assets/86166d28/js/bootstrap.notify.js".' in /usr/local/zend/apache2/htdocs/framework/web/CWebApplication.php:286
Stack trace:
#0 /usr/local/zend/apache2/htdocs/framework/web/CWebApplication.php(141): CWebApplication->runController('assets/86166d28...')
#1 /usr/local/zend/apache2/htdocs/framework/base/CApplication.php(180): CWebApplication->processRequest()
#2 /usr/local/zend/apache2/htdocs/aphris/index.php(9): CApplication->run()
#3 {main}
REQUEST_URI=/aphris/assets/86166d28/js/bootstrap.notify.js
HTTP_REFERER=http://localhost/aphris/site
---
2013/11/18 17:19:02 [error] [exception.CHttpException.404] exception 'CHttpException' with message 'Unable to resolve the request "assets/86166d28/js/bootstrap.bootbox.min.js".' in /usr/local/zend/apache2/htdocs/framework/web/CWebApplication.php:286
Stack trace:
#0 /usr/local/zend/apache2/htdocs/framework/web/CWebApplication.php(141): CWebApplication->runController('assets/86166d28...')
#1 /usr/local/zend/apache2/htdocs/framework/base/CApplication.php(180): CWebApplication->processRequest()
#2 /usr/local/zend/apache2/htdocs/aphris/index.php(9): CApplication->run()
#3 {main}
REQUEST_URI=/aphris/assets/86166d28/js/bootstrap.bootbox.min.js
HTTP_REFERER=http://localhost/aphris/site
---
2013/11/18 17:19:02 [error] [exception.CHttpException.404] exception 'CHttpException' with message 'Unable to resolve the request "assets/86166d28/js/bootstrap.notify.js".' in /usr/local/zend/apache2/htdocs/framework/web/CWebApplication.php:286
Stack trace:
#0 /usr/local/zend/apache2/htdocs/framework/web/CWebApplication.php(141): CWebApplication->runController('assets/86166d28...')
#1 /usr/local/zend/apache2/htdocs/framework/base/CApplication.php(180): CWebApplication->processRequest()
#2 /usr/local/zend/apache2/htdocs/aphris/index.php(9): CApplication->run()
#3 {main}
REQUEST_URI=/aphris/assets/86166d28/js/bootstrap.notify.js
HTTP_REFERER=http://localhost/aphris/site
---
2013/11/18 18:59:29 [error] [exception.CHttpException.404] exception 'CHttpException' with message 'Unable to resolve the request "assets/4fc82913/css/images/ui-bg_glass_75_ffffff_1x400.png".' in /usr/local/zend/apache2/htdocs/framework/web/CWebApplication.php:286
Stack trace:
#0 /usr/local/zend/apache2/htdocs/framework/web/CWebApplication.php(141): CWebApplication->runController('assets/4fc82913...')
#1 /usr/local/zend/apache2/htdocs/framework/base/CApplication.php(180): CWebApplication->processRequest()
#2 /usr/local/zend/apache2/htdocs/aphris/index.php(9): CApplication->run()
#3 {main}
REQUEST_URI=/aphris/assets/4fc82913/css/images/ui-bg_glass_75_ffffff_1x400.png
HTTP_REFERER=http://localhost/aphris/m1/gTalent
---
2013/11/18 19:00:55 [error] [php] Undefined variable: modelTargetSetting (/usr/local/zend/apache2/htdocs/aphris/protected/modules/m1/views/gTalent/_tabTargetSetting.php:38)
Stack trace:
#0 /usr/local/zend/apache2/htdocs/framework/web/CController.php(869): GTalentController->renderFile()
#1 /usr/local/zend/apache2/htdocs/aphris/protected/modules/m1/views/gTalent/view.php(63): GTalentController->renderPartial()
#2 /usr/local/zend/apache2/htdocs/framework/web/CBaseController.php(126): require()
#3 /usr/local/zend/apache2/htdocs/framework/web/CBaseController.php(95): GTalentController->renderInternal()
#4 /usr/local/zend/apache2/htdocs/framework/web/CController.php(869): GTalentController->renderFile()
#5 /usr/local/zend/apache2/htdocs/framework/web/CController.php(782): GTalentController->renderPartial()
#6 /usr/local/zend/apache2/htdocs/aphris/protected/modules/m1/controllers/GTalentController.php(59): GTalentController->render()
#7 unknown(0): GTalentController->actionView()
#8 /usr/local/zend/apache2/htdocs/framework/web/actions/CAction.php(108): ReflectionMethod->invokeArgs()
#9 /usr/local/zend/apache2/htdocs/framework/web/actions/CInlineAction.php(47): CInlineAction->runWithParamsInternal()
#10 /usr/local/zend/apache2/htdocs/framework/web/CController.php(308): CInlineAction->runWithParams()
#11 /usr/local/zend/apache2/htdocs/framework/web/filters/CFilterChain.php(133): GTalentController->runAction()
#12 /usr/local/zend/apache2/htdocs/framework/web/filters/CFilter.php(40): CFilterChain->run()
#13 /usr/local/zend/apache2/htdocs/aphris/protected/components/Controller.php(35): RightsFilter->filter()
#14 /usr/local/zend/apache2/htdocs/framework/web/filters/CInlineFilter.php(58): GTalentController->filterRights()
#15 /usr/local/zend/apache2/htdocs/framework/web/filters/CFilterChain.php(130): CInlineFilter->filter()
#16 /usr/local/zend/apache2/htdocs/framework/web/CController.php(291): CFilterChain->run()
#17 /usr/local/zend/apache2/htdocs/framework/web/CController.php(265): GTalentController->runActionWithFilters()
#18 /usr/local/zend/apache2/htdocs/framework/web/CWebApplication.php(282): GTalentController->run()
#19 /usr/local/zend/apache2/htdocs/framework/web/CWebApplication.php(141): CWebApplication->runController()
#20 /usr/local/zend/apache2/htdocs/framework/base/CApplication.php(180): CWebApplication->processRequest()
#21 /usr/local/zend/apache2/htdocs/aphris/index.php(9): CWebApplication->run()
REQUEST_URI=/aphris/m1/gTalent/view/id/2310
2013/11/18 19:01:34 [error] [php] Undefined variable: modelTargetSetting (/usr/local/zend/apache2/htdocs/aphris/protected/modules/m1/views/gTalent/view.php:63)
Stack trace:
#0 /usr/local/zend/apache2/htdocs/framework/web/CController.php(869): GTalentController->renderFile()
#1 /usr/local/zend/apache2/htdocs/framework/web/CController.php(782): GTalentController->renderPartial()
#2 /usr/local/zend/apache2/htdocs/aphris/protected/modules/m1/controllers/GTalentController.php(59): GTalentController->render()
#3 unknown(0): GTalentController->actionView()
#4 /usr/local/zend/apache2/htdocs/framework/web/actions/CAction.php(108): ReflectionMethod->invokeArgs()
#5 /usr/local/zend/apache2/htdocs/framework/web/actions/CInlineAction.php(47): CInlineAction->runWithParamsInternal()
#6 /usr/local/zend/apache2/htdocs/framework/web/CController.php(308): CInlineAction->runWithParams()
#7 /usr/local/zend/apache2/htdocs/framework/web/filters/CFilterChain.php(133): GTalentController->runAction()
#8 /usr/local/zend/apache2/htdocs/framework/web/filters/CFilter.php(40): CFilterChain->run()
#9 /usr/local/zend/apache2/htdocs/aphris/protected/components/Controller.php(35): RightsFilter->filter()
#10 /usr/local/zend/apache2/htdocs/framework/web/filters/CInlineFilter.php(58): GTalentController->filterRights()
#11 /usr/local/zend/apache2/htdocs/framework/web/filters/CFilterChain.php(130): CInlineFilter->filter()
#12 /usr/local/zend/apache2/htdocs/framework/web/CController.php(291): CFilterChain->run()
#13 /usr/local/zend/apache2/htdocs/framework/web/CController.php(265): GTalentController->runActionWithFilters()
#14 /usr/local/zend/apache2/htdocs/framework/web/CWebApplication.php(282): GTalentController->run()
#15 /usr/local/zend/apache2/htdocs/framework/web/CWebApplication.php(141): CWebApplication->runController()
#16 /usr/local/zend/apache2/htdocs/framework/base/CApplication.php(180): CWebApplication->processRequest()
#17 /usr/local/zend/apache2/htdocs/aphris/index.php(9): CWebApplication->run()
REQUEST_URI=/aphris/m1/gTalent/view/id/2310
2013/11/18 19:03:07 [error] [php] Undefined variable: modelTargetSetting (/usr/local/zend/apache2/htdocs/aphris/protected/modules/m1/views/gTalent/view.php:63)
Stack trace:
#0 /usr/local/zend/apache2/htdocs/framework/web/CController.php(869): GTalentController->renderFile()
#1 /usr/local/zend/apache2/htdocs/framework/web/CController.php(782): GTalentController->renderPartial()
#2 /usr/local/zend/apache2/htdocs/aphris/protected/modules/m1/controllers/GTalentController.php(60): GTalentController->render()
#3 unknown(0): GTalentController->actionView()
#4 /usr/local/zend/apache2/htdocs/framework/web/actions/CAction.php(108): ReflectionMethod->invokeArgs()
#5 /usr/local/zend/apache2/htdocs/framework/web/actions/CInlineAction.php(47): CInlineAction->runWithParamsInternal()
#6 /usr/local/zend/apache2/htdocs/framework/web/CController.php(308): CInlineAction->runWithParams()
#7 /usr/local/zend/apache2/htdocs/framework/web/filters/CFilterChain.php(133): GTalentController->runAction()
#8 /usr/local/zend/apache2/htdocs/framework/web/filters/CFilter.php(40): CFilterChain->run()
#9 /usr/local/zend/apache2/htdocs/aphris/protected/components/Controller.php(35): RightsFilter->filter()
#10 /usr/local/zend/apache2/htdocs/framework/web/filters/CInlineFilter.php(58): GTalentController->filterRights()
#11 /usr/local/zend/apache2/htdocs/framework/web/filters/CFilterChain.php(130): CInlineFilter->filter()
#12 /usr/local/zend/apache2/htdocs/framework/web/CController.php(291): CFilterChain->run()
#13 /usr/local/zend/apache2/htdocs/framework/web/CController.php(265): GTalentController->runActionWithFilters()
#14 /usr/local/zend/apache2/htdocs/framework/web/CWebApplication.php(282): GTalentController->run()
#15 /usr/local/zend/apache2/htdocs/framework/web/CWebApplication.php(141): CWebApplication->runController()
#16 /usr/local/zend/apache2/htdocs/framework/base/CApplication.php(180): CWebApplication->processRequest()
#17 /usr/local/zend/apache2/htdocs/aphris/index.php(9): CWebApplication->run()
REQUEST_URI=/aphris/m1/gTalent/view/id/2310
2013/11/18 19:08:41 [error] [exception.CHttpException.404] exception 'CHttpException' with message 'Unable to resolve the request "assets/4fc82913/css/images/ui-bg_glass_75_ffffff_1x400.png".' in /usr/local/zend/apache2/htdocs/framework/web/CWebApplication.php:286
Stack trace:
#0 /usr/local/zend/apache2/htdocs/framework/web/CWebApplication.php(141): CWebApplication->runController('assets/4fc82913...')
#1 /usr/local/zend/apache2/htdocs/framework/base/CApplication.php(180): CWebApplication->processRequest()
#2 /usr/local/zend/apache2/htdocs/aphris/index.php(9): CApplication->run()
#3 {main}
REQUEST_URI=/aphris/assets/4fc82913/css/images/ui-bg_glass_75_ffffff_1x400.png
HTTP_REFERER=http://localhost/aphris/m1/gTalent/view/id/2310
---
2013/11/18 19:08:50 [error] [exception.CHttpException.404] exception 'CHttpException' with message 'Unable to resolve the request "assets/4fc82913/css/images/ui-bg_glass_75_ffffff_1x400.png".' in /usr/local/zend/apache2/htdocs/framework/web/CWebApplication.php:286
Stack trace:
#0 /usr/local/zend/apache2/htdocs/framework/web/CWebApplication.php(141): CWebApplication->runController('assets/4fc82913...')
#1 /usr/local/zend/apache2/htdocs/framework/base/CApplication.php(180): CWebApplication->processRequest()
#2 /usr/local/zend/apache2/htdocs/aphris/index.php(9): CApplication->run()
#3 {main}
REQUEST_URI=/aphris/assets/4fc82913/css/images/ui-bg_glass_75_ffffff_1x400.png
HTTP_REFERER=http://localhost/aphris/sParameter
---
2013/11/18 19:09:48 [error] [exception.CHttpException.404] exception 'CHttpException' with message 'Unable to resolve the request "assets/4fc82913/css/images/ui-bg_glass_75_ffffff_1x400.png".' in /usr/local/zend/apache2/htdocs/framework/web/CWebApplication.php:286
Stack trace:
#0 /usr/local/zend/apache2/htdocs/framework/web/CWebApplication.php(141): CWebApplication->runController('assets/4fc82913...')
#1 /usr/local/zend/apache2/htdocs/framework/base/CApplication.php(180): CWebApplication->processRequest()
#2 /usr/local/zend/apache2/htdocs/aphris/index.php(9): CApplication->run()
#3 {main}
REQUEST_URI=/aphris/assets/4fc82913/css/images/ui-bg_glass_75_ffffff_1x400.png
HTTP_REFERER=http://localhost/aphris/m1/gTalent/view/id/2310
---
2013/11/18 19:12:02 [error] [exception.CHttpException.404] exception 'CHttpException' with message 'Unable to resolve the request "assets/4fc82913/css/images/ui-bg_glass_75_ffffff_1x400.png".' in /usr/local/zend/apache2/htdocs/framework/web/CWebApplication.php:286
Stack trace:
#0 /usr/local/zend/apache2/htdocs/framework/web/CWebApplication.php(141): CWebApplication->runController('assets/4fc82913...')
#1 /usr/local/zend/apache2/htdocs/framework/base/CApplication.php(180): CWebApplication->processRequest()
#2 /usr/local/zend/apache2/htdocs/aphris/index.php(9): CApplication->run()
#3 {main}
REQUEST_URI=/aphris/assets/4fc82913/css/images/ui-bg_glass_75_ffffff_1x400.png
HTTP_REFERER=http://localhost/aphris/m1/gTalent/view/id/2310
---
2013/11/18 19:27:11 [error] [exception.CHttpException.404] exception 'CHttpException' with message 'Unable to resolve the request "assets/4fc82913/css/images/ui-bg_glass_75_ffffff_1x400.png".' in /usr/local/zend/apache2/htdocs/framework/web/CWebApplication.php:286
Stack trace:
#0 /usr/local/zend/apache2/htdocs/framework/web/CWebApplication.php(141): CWebApplication->runController('assets/4fc82913...')
#1 /usr/local/zend/apache2/htdocs/framework/base/CApplication.php(180): CWebApplication->processRequest()
#2 /usr/local/zend/apache2/htdocs/aphris/index.php(9): CApplication->run()
#3 {main}
REQUEST_URI=/aphris/assets/4fc82913/css/images/ui-bg_glass_75_ffffff_1x400.png
HTTP_REFERER=http://localhost/aphris/m1/gTalent/view/id/2310
---
2013/11/18 19:30:08 [error] [exception.CHttpException.404] exception 'CHttpException' with message 'Unable to resolve the request "assets/4fc82913/css/images/ui-bg_glass_75_ffffff_1x400.png".' in /usr/local/zend/apache2/htdocs/framework/web/CWebApplication.php:286
Stack trace:
#0 /usr/local/zend/apache2/htdocs/framework/web/CWebApplication.php(141): CWebApplication->runController('assets/4fc82913...')
#1 /usr/local/zend/apache2/htdocs/framework/base/CApplication.php(180): CWebApplication->processRequest()
#2 /usr/local/zend/apache2/htdocs/aphris/index.php(9): CApplication->run()
#3 {main}
REQUEST_URI=/aphris/assets/4fc82913/css/images/ui-bg_glass_75_ffffff_1x400.png
HTTP_REFERER=http://localhost/aphris/m1/gTalent
---
2013/11/18 19:30:12 [error] [exception.CException] exception 'CException' with message 'Property "gTalentTargetSetting.religion_id" is not defined.' in /usr/local/zend/apache2/htdocs/framework/base/CComponent.php:130
Stack trace:
#0 /usr/local/zend/apache2/htdocs/framework/db/ar/CActiveRecord.php(145): CComponent->__get('religion_id')
#1 /usr/local/zend/apache2/htdocs/framework/db/ar/CActiveFinder.php(656): CActiveRecord->__get('religion_id')
#2 /usr/local/zend/apache2/htdocs/framework/db/ar/CActiveFinder.php(500): CJoinElement->applyLazyCondition(Object(CJoinQuery), Object(gTalentTargetSetting))
#3 /usr/local/zend/apache2/htdocs/framework/db/ar/CActiveFinder.php(163): CJoinElement->lazyFind(Object(gTalentTargetSetting))
#4 /usr/local/zend/apache2/htdocs/framework/db/ar/CActiveRecord.php(281): CActiveFinder->lazyFind(Object(gTalentTargetSetting))
#5 /usr/local/zend/apache2/htdocs/framework/db/ar/CActiveRecord.php(181): CActiveRecord->getRelated('strategic')
#6 /usr/local/zend/apache2/htdocs/framework/web/helpers/CHtml.php(2135): CActiveRecord->__isset('strategic')
#7 /usr/local/zend/apache2/htdocs/aphris/protected/extensions/bootstrap/widgets/TbGroupGridView.php(287): CHtml::value(Object(gTalentTargetSetting), 'strategic.name')
#8 /usr/local/zend/apache2/htdocs/aphris/protected/extensions/bootstrap/widgets/TbGroupGridView.php(238): TbGroupGridView->getDataCellContent(Object(TbDataColumn), Object(gTalentTargetSetting), 0)
#9 /usr/local/zend/apache2/htdocs/aphris/protected/extensions/bootstrap/widgets/TbGroupGridView.php(109): TbGroupGridView->getRowValues(Array, Object(gTalentTargetSetting), 0)
#10 /usr/local/zend/apache2/htdocs/aphris/protected/extensions/bootstrap/widgets/TbGroupGridView.php(84): TbGroupGridView->groupByColumns()
#11 /usr/local/zend/apache2/htdocs/framework/zii/widgets/grid/CGridView.php(482): TbGroupGridView->renderTableBody()
#12 /usr/local/zend/apache2/htdocs/framework/zii/widgets/CBaseListView.php(167): CGridView->renderItems()
#13 [internal function]: CBaseListView->renderSection(Array)
#14 /usr/local/zend/apache2/htdocs/framework/zii/widgets/CBaseListView.php(150): preg_replace_callback('/{(\w+)}/', Array, '{items}')
#15 /usr/local/zend/apache2/htdocs/framework/zii/widgets/CBaseListView.php(135): CBaseListView->renderContent()
#16 /usr/local/zend/apache2/htdocs/framework/web/CBaseController.php(173): CBaseListView->run()
#17 /usr/local/zend/apache2/htdocs/aphris/protected/modules/m1/views/gTalent/_tabTargetSetting.php(35): CBaseController->widget('bootstrap.widge...', Array)
#18 /usr/local/zend/apache2/htdocs/framework/web/CBaseController.php(126): require('/usr/local/zend...')
#19 /usr/local/zend/apache2/htdocs/framework/web/CBaseController.php(95): CBaseController->renderInternal('/usr/local/zend...', Array, true)
#20 /usr/local/zend/apache2/htdocs/framework/web/CController.php(869): CBaseController->renderFile('/usr/local/zend...', Array, true)
#21 /usr/local/zend/apache2/htdocs/aphris/protected/modules/m1/views/gTalent/view.php(63): CController->renderPartial('_tabTargetSetti...', Array, true)
#22 /usr/local/zend/apache2/htdocs/framework/web/CBaseController.php(126): require('/usr/local/zend...')
#23 /usr/local/zend/apache2/htdocs/framework/web/CBaseController.php(95): CBaseController->renderInternal('/usr/local/zend...', Array, true)
#24 /usr/local/zend/apache2/htdocs/framework/web/CController.php(869): CBaseController->renderFile('/usr/local/zend...', Array, true)
#25 /usr/local/zend/apache2/htdocs/framework/web/CController.php(782): CController->renderPartial('view', Array, true)
#26 /usr/local/zend/apache2/htdocs/aphris/protected/modules/m1/controllers/GTalentController.php(61): CController->render('view', Array)
#27 [internal function]: GTalentController->actionView('2310')
#28 /usr/local/zend/apache2/htdocs/framework/web/actions/CAction.php(108): ReflectionMethod->invokeArgs(Object(GTalentController), Array)
#29 /usr/local/zend/apache2/htdocs/framework/web/actions/CInlineAction.php(47): CAction->runWithParamsInternal(Object(GTalentController), Object(ReflectionMethod), Array)
#30 /usr/local/zend/apache2/htdocs/framework/web/CController.php(308): CInlineAction->runWithParams(Array)
#31 /usr/local/zend/apache2/htdocs/framework/web/filters/CFilterChain.php(133): CController->runAction(Object(CInlineAction))
#32 /usr/local/zend/apache2/htdocs/framework/web/filters/CFilter.php(40): CFilterChain->run()
#33 /usr/local/zend/apache2/htdocs/aphris/protected/components/Controller.php(35): CFilter->filter(Object(CFilterChain))
#34 /usr/local/zend/apache2/htdocs/framework/web/filters/CInlineFilter.php(58): Controller->filterRights(Object(CFilterChain))
#35 /usr/local/zend/apache2/htdocs/framework/web/filters/CFilterChain.php(130): CInlineFilter->filter(Object(CFilterChain))
#36 /usr/local/zend/apache2/htdocs/framework/web/CController.php(291): CFilterChain->run()
#37 /usr/local/zend/apache2/htdocs/framework/web/CController.php(265): CController->runActionWithFilters(Object(CInlineAction), Array)
#38 /usr/local/zend/apache2/htdocs/framework/web/CWebApplication.php(282): CController->run('view')
#39 /usr/local/zend/apache2/htdocs/framework/web/CWebApplication.php(141): CWebApplication->runController('m1/gTalent/view...')
#40 /usr/local/zend/apache2/htdocs/framework/base/CApplication.php(180): CWebApplication->processRequest()
#41 /usr/local/zend/apache2/htdocs/aphris/index.php(9): CApplication->run()
#42 {main}
REQUEST_URI=/aphris/m1/gTalent/view/id/2310
HTTP_REFERER=http://localhost/aphris/m1/gTalent/index?gPerson%5Bemployee_name%5D=rohana&yt0=
---
2013/11/18 19:30:32 [error] [exception.CHttpException.404] exception 'CHttpException' with message 'Unable to resolve the request "assets/4fc82913/css/images/ui-bg_glass_75_ffffff_1x400.png".' in /usr/local/zend/apache2/htdocs/framework/web/CWebApplication.php:286
Stack trace:
#0 /usr/local/zend/apache2/htdocs/framework/web/CWebApplication.php(141): CWebApplication->runController('assets/4fc82913...')
#1 /usr/local/zend/apache2/htdocs/framework/base/CApplication.php(180): CWebApplication->processRequest()
#2 /usr/local/zend/apache2/htdocs/aphris/index.php(9): CApplication->run()
#3 {main}
REQUEST_URI=/aphris/assets/4fc82913/css/images/ui-bg_glass_75_ffffff_1x400.png
HTTP_REFERER=http://localhost/aphris/m1/gTalent/view/id/2310
---
2013/11/18 19:31:16 [error] [exception.CHttpException.404] exception 'CHttpException' with message 'Unable to resolve the request "assets/4fc82913/css/images/ui-bg_glass_75_ffffff_1x400.png".' in /usr/local/zend/apache2/htdocs/framework/web/CWebApplication.php:286
Stack trace:
#0 /usr/local/zend/apache2/htdocs/framework/web/CWebApplication.php(141): CWebApplication->runController('assets/4fc82913...')
#1 /usr/local/zend/apache2/htdocs/framework/base/CApplication.php(180): CWebApplication->processRequest()
#2 /usr/local/zend/apache2/htdocs/aphris/index.php(9): CApplication->run()
#3 {main}
REQUEST_URI=/aphris/assets/4fc82913/css/images/ui-bg_glass_75_ffffff_1x400.png
HTTP_REFERER=http://localhost/aphris/m1/gTalent/view/id/2310
---
2013/11/18 19:31:34 [error] [exception.CException] exception 'CException' with message 'Column or attribute "strategic.name" not found!' in /usr/local/zend/apache2/htdocs/aphris/protected/extensions/bootstrap/widgets/TbGroupGridView.php:245
Stack trace:
#0 /usr/local/zend/apache2/htdocs/aphris/protected/extensions/bootstrap/widgets/TbGroupGridView.php(109): TbGroupGridView->getRowValues(Array, Object(gTalentTargetSetting), 0)
#1 /usr/local/zend/apache2/htdocs/aphris/protected/extensions/bootstrap/widgets/TbGroupGridView.php(84): TbGroupGridView->groupByColumns()
#2 /usr/local/zend/apache2/htdocs/framework/zii/widgets/grid/CGridView.php(482): TbGroupGridView->renderTableBody()
#3 /usr/local/zend/apache2/htdocs/framework/zii/widgets/CBaseListView.php(167): CGridView->renderItems()
#4 [internal function]: CBaseListView->renderSection(Array)
#5 /usr/local/zend/apache2/htdocs/framework/zii/widgets/CBaseListView.php(150): preg_replace_callback('/{(\w+)}/', Array, '{items}')
#6 /usr/local/zend/apache2/htdocs/framework/zii/widgets/CBaseListView.php(135): CBaseListView->renderContent()
#7 /usr/local/zend/apache2/htdocs/framework/web/CBaseController.php(173): CBaseListView->run()
#8 /usr/local/zend/apache2/htdocs/aphris/protected/modules/m1/views/gTalent/_tabTargetSetting.php(38): CBaseController->widget('bootstrap.widge...', Array)
#9 /usr/local/zend/apache2/htdocs/framework/web/CBaseController.php(126): require('/usr/local/zend...')
#10 /usr/local/zend/apache2/htdocs/framework/web/CBaseController.php(95): CBaseController->renderInternal('/usr/local/zend...', Array, true)
#11 /usr/local/zend/apache2/htdocs/framework/web/CController.php(869): CBaseController->renderFile('/usr/local/zend...', Array, true)
#12 /usr/local/zend/apache2/htdocs/aphris/protected/modules/m1/views/gTalent/view.php(63): CController->renderPartial('_tabTargetSetti...', Array, true)
#13 /usr/local/zend/apache2/htdocs/framework/web/CBaseController.php(126): require('/usr/local/zend...')
#14 /usr/local/zend/apache2/htdocs/framework/web/CBaseController.php(95): CBaseController->renderInternal('/usr/local/zend...', Array, true)
#15 /usr/local/zend/apache2/htdocs/framework/web/CController.php(869): CBaseController->renderFile('/usr/local/zend...', Array, true)
#16 /usr/local/zend/apache2/htdocs/framework/web/CController.php(782): CController->renderPartial('view', Array, true)
#17 /usr/local/zend/apache2/htdocs/aphris/protected/modules/m1/controllers/GTalentController.php(61): CController->render('view', Array)
#18 [internal function]: GTalentController->actionView('2310')
#19 /usr/local/zend/apache2/htdocs/framework/web/actions/CAction.php(108): ReflectionMethod->invokeArgs(Object(GTalentController), Array)
#20 /usr/local/zend/apache2/htdocs/framework/web/actions/CInlineAction.php(47): CAction->runWithParamsInternal(Object(GTalentController), Object(ReflectionMethod), Array)
#21 /usr/local/zend/apache2/htdocs/framework/web/CController.php(308): CInlineAction->runWithParams(Array)
#22 /usr/local/zend/apache2/htdocs/framework/web/filters/CFilterChain.php(133): CController->runAction(Object(CInlineAction))
#23 /usr/local/zend/apache2/htdocs/framework/web/filters/CFilter.php(40): CFilterChain->run()
#24 /usr/local/zend/apache2/htdocs/aphris/protected/components/Controller.php(35): CFilter->filter(Object(CFilterChain))
#25 /usr/local/zend/apache2/htdocs/framework/web/filters/CInlineFilter.php(58): Controller->filterRights(Object(CFilterChain))
#26 /usr/local/zend/apache2/htdocs/framework/web/filters/CFilterChain.php(130): CInlineFilter->filter(Object(CFilterChain))
#27 /usr/local/zend/apache2/htdocs/framework/web/CController.php(291): CFilterChain->run()
#28 /usr/local/zend/apache2/htdocs/framework/web/CController.php(265): CController->runActionWithFilters(Object(CInlineAction), Array)
#29 /usr/local/zend/apache2/htdocs/framework/web/CWebApplication.php(282): CController->run('view')
#30 /usr/local/zend/apache2/htdocs/framework/web/CWebApplication.php(141): CWebApplication->runController('m1/gTalent/view...')
#31 /usr/local/zend/apache2/htdocs/framework/base/CApplication.php(180): CWebApplication->processRequest()
#32 /usr/local/zend/apache2/htdocs/aphris/index.php(9): CApplication->run()
#33 {main}
REQUEST_URI=/aphris/m1/gTalent/view/id/2310
HTTP_REFERER=http://localhost/aphris/m1/gTalent/index?gPerson%5Bemployee_name%5D=rohana&yt0=
---
2013/11/18 19:31:47 [error] [exception.CHttpException.404] exception 'CHttpException' with message 'Unable to resolve the request "assets/4fc82913/css/images/ui-bg_glass_75_ffffff_1x400.png".' in /usr/local/zend/apache2/htdocs/framework/web/CWebApplication.php:286
Stack trace:
#0 /usr/local/zend/apache2/htdocs/framework/web/CWebApplication.php(141): CWebApplication->runController('assets/4fc82913...')
#1 /usr/local/zend/apache2/htdocs/framework/base/CApplication.php(180): CWebApplication->processRequest()
#2 /usr/local/zend/apache2/htdocs/aphris/index.php(9): CApplication->run()
#3 {main}
REQUEST_URI=/aphris/assets/4fc82913/css/images/ui-bg_glass_75_ffffff_1x400.png
HTTP_REFERER=http://localhost/aphris/m1/gTalent/view/id/2310
---
2013/11/18 19:32:02 [error] [exception.CException] exception 'CException' with message 'Column or attribute "strategic.name" not found!' in /usr/local/zend/apache2/htdocs/aphris/protected/extensions/bootstrap/widgets/TbGroupGridView.php:245
Stack trace:
#0 /usr/local/zend/apache2/htdocs/aphris/protected/extensions/bootstrap/widgets/TbGroupGridView.php(109): TbGroupGridView->getRowValues(Array, Object(gTalentTargetSetting), 0)
#1 /usr/local/zend/apache2/htdocs/aphris/protected/extensions/bootstrap/widgets/TbGroupGridView.php(84): TbGroupGridView->groupByColumns()
#2 /usr/local/zend/apache2/htdocs/framework/zii/widgets/grid/CGridView.php(482): TbGroupGridView->renderTableBody()
#3 /usr/local/zend/apache2/htdocs/framework/zii/widgets/CBaseListView.php(167): CGridView->renderItems()
#4 [internal function]: CBaseListView->renderSection(Array)
#5 /usr/local/zend/apache2/htdocs/framework/zii/widgets/CBaseListView.php(150): preg_replace_callback('/{(\w+)}/', Array, '{items}')
#6 /usr/local/zend/apache2/htdocs/framework/zii/widgets/CBaseListView.php(135): CBaseListView->renderContent()
#7 /usr/local/zend/apache2/htdocs/framework/web/CBaseController.php(173): CBaseListView->run()
#8 /usr/local/zend/apache2/htdocs/aphris/protected/modules/m1/views/gTalent/_tabTargetSetting.php(38): CBaseController->widget('bootstrap.widge...', Array)
#9 /usr/local/zend/apache2/htdocs/framework/web/CBaseController.php(126): require('/usr/local/zend...')
#10 /usr/local/zend/apache2/htdocs/framework/web/CBaseController.php(95): CBaseController->renderInternal('/usr/local/zend...', Array, true)
#11 /usr/local/zend/apache2/htdocs/framework/web/CController.php(869): CBaseController->renderFile('/usr/local/zend...', Array, true)
#12 /usr/local/zend/apache2/htdocs/aphris/protected/modules/m1/views/gTalent/view.php(63): CController->renderPartial('_tabTargetSetti...', Array, true)
#13 /usr/local/zend/apache2/htdocs/framework/web/CBaseController.php(126): require('/usr/local/zend...')
#14 /usr/local/zend/apache2/htdocs/framework/web/CBaseController.php(95): CBaseController->renderInternal('/usr/local/zend...', Array, true)
#15 /usr/local/zend/apache2/htdocs/framework/web/CController.php(869): CBaseController->renderFile('/usr/local/zend...', Array, true)
#16 /usr/local/zend/apache2/htdocs/framework/web/CController.php(782): CController->renderPartial('view', Array, true)
#17 /usr/local/zend/apache2/htdocs/aphris/protected/modules/m1/controllers/GTalentController.php(61): CController->render('view', Array)
#18 [internal function]: GTalentController->actionView('2310')
#19 /usr/local/zend/apache2/htdocs/framework/web/actions/CAction.php(108): ReflectionMethod->invokeArgs(Object(GTalentController), Array)
#20 /usr/local/zend/apache2/htdocs/framework/web/actions/CInlineAction.php(47): CAction->runWithParamsInternal(Object(GTalentController), Object(ReflectionMethod), Array)
#21 /usr/local/zend/apache2/htdocs/framework/web/CController.php(308): CInlineAction->runWithParams(Array)
#22 /usr/local/zend/apache2/htdocs/framework/web/filters/CFilterChain.php(133): CController->runAction(Object(CInlineAction))
#23 /usr/local/zend/apache2/htdocs/framework/web/filters/CFilter.php(40): CFilterChain->run()
#24 /usr/local/zend/apache2/htdocs/aphris/protected/components/Controller.php(35): CFilter->filter(Object(CFilterChain))
#25 /usr/local/zend/apache2/htdocs/framework/web/filters/CInlineFilter.php(58): Controller->filterRights(Object(CFilterChain))
#26 /usr/local/zend/apache2/htdocs/framework/web/filters/CFilterChain.php(130): CInlineFilter->filter(Object(CFilterChain))
#27 /usr/local/zend/apache2/htdocs/framework/web/CController.php(291): CFilterChain->run()
#28 /usr/local/zend/apache2/htdocs/framework/web/CController.php(265): CController->runActionWithFilters(Object(CInlineAction), Array)
#29 /usr/local/zend/apache2/htdocs/framework/web/CWebApplication.php(282): CController->run('view')
#30 /usr/local/zend/apache2/htdocs/framework/web/CWebApplication.php(141): CWebApplication->runController('m1/gTalent/view...')
#31 /usr/local/zend/apache2/htdocs/framework/base/CApplication.php(180): CWebApplication->processRequest()
#32 /usr/local/zend/apache2/htdocs/aphris/index.php(9): CApplication->run()
#33 {main}
REQUEST_URI=/aphris/m1/gTalent/view/id/2310
HTTP_REFERER=http://localhost/aphris/m1/gTalent/index?gPerson%5Bemployee_name%5D=rohana&yt0=
---
2013/11/18 19:32:10 [error] [exception.CHttpException.404] exception 'CHttpException' with message 'Unable to resolve the request "assets/4fc82913/css/images/ui-bg_glass_75_ffffff_1x400.png".' in /usr/local/zend/apache2/htdocs/framework/web/CWebApplication.php:286
Stack trace:
#0 /usr/local/zend/apache2/htdocs/framework/web/CWebApplication.php(141): CWebApplication->runController('assets/4fc82913...')
#1 /usr/local/zend/apache2/htdocs/framework/base/CApplication.php(180): CWebApplication->processRequest()
#2 /usr/local/zend/apache2/htdocs/aphris/index.php(9): CApplication->run()
#3 {main}
REQUEST_URI=/aphris/assets/4fc82913/css/images/ui-bg_glass_75_ffffff_1x400.png
HTTP_REFERER=http://localhost/aphris/m1/gTalent/view/id/2310
---
2013/11/18 19:32:39 [error] [exception.CHttpException.404] exception 'CHttpException' with message 'Unable to resolve the request "assets/4fc82913/css/images/ui-bg_glass_75_ffffff_1x400.png".' in /usr/local/zend/apache2/htdocs/framework/web/CWebApplication.php:286
Stack trace:
#0 /usr/local/zend/apache2/htdocs/framework/web/CWebApplication.php(141): CWebApplication->runController('assets/4fc82913...')
#1 /usr/local/zend/apache2/htdocs/framework/base/CApplication.php(180): CWebApplication->processRequest()
#2 /usr/local/zend/apache2/htdocs/aphris/index.php(9): CApplication->run()
#3 {main}
REQUEST_URI=/aphris/assets/4fc82913/css/images/ui-bg_glass_75_ffffff_1x400.png
HTTP_REFERER=http://localhost/aphris/m1/gTalent/view/id/2310
---
2013/11/18 19:32:52 [error] [exception.CException] exception 'CException' with message 'Column or attribute "strategic.name" not found!' in /usr/local/zend/apache2/htdocs/aphris/protected/extensions/bootstrap/widgets/TbGroupGridView.php:245
Stack trace:
#0 /usr/local/zend/apache2/htdocs/aphris/protected/extensions/bootstrap/widgets/TbGroupGridView.php(109): TbGroupGridView->getRowValues(Array, Object(gTalentTargetSetting), 0)
#1 /usr/local/zend/apache2/htdocs/aphris/protected/extensions/bootstrap/widgets/TbGroupGridView.php(84): TbGroupGridView->groupByColumns()
#2 /usr/local/zend/apache2/htdocs/framework/zii/widgets/grid/CGridView.php(482): TbGroupGridView->renderTableBody()
#3 /usr/local/zend/apache2/htdocs/framework/zii/widgets/CBaseListView.php(167): CGridView->renderItems()
#4 [internal function]: CBaseListView->renderSection(Array)
#5 /usr/local/zend/apache2/htdocs/framework/zii/widgets/CBaseListView.php(150): preg_replace_callback('/{(\w+)}/', Array, '{items}')
#6 /usr/local/zend/apache2/htdocs/framework/zii/widgets/CBaseListView.php(135): CBaseListView->renderContent()
#7 /usr/local/zend/apache2/htdocs/framework/web/CBaseController.php(173): CBaseListView->run()
#8 /usr/local/zend/apache2/htdocs/aphris/protected/modules/m1/views/gTalent/_tabTargetSetting.php(39): CBaseController->widget('bootstrap.widge...', Array)
#9 /usr/local/zend/apache2/htdocs/framework/web/CBaseController.php(126): require('/usr/local/zend...')
#10 /usr/local/zend/apache2/htdocs/framework/web/CBaseController.php(95): CBaseController->renderInternal('/usr/local/zend...', Array, true)
#11 /usr/local/zend/apache2/htdocs/framework/web/CController.php(869): CBaseController->renderFile('/usr/local/zend...', Array, true)
#12 /usr/local/zend/apache2/htdocs/aphris/protected/modules/m1/views/gTalent/view.php(63): CController->renderPartial('_tabTargetSetti...', Array, true)
#13 /usr/local/zend/apache2/htdocs/framework/web/CBaseController.php(126): require('/usr/local/zend...')
#14 /usr/local/zend/apache2/htdocs/framework/web/CBaseController.php(95): CBaseController->renderInternal('/usr/local/zend...', Array, true)
#15 /usr/local/zend/apache2/htdocs/framework/web/CController.php(869): CBaseController->renderFile('/usr/local/zend...', Array, true)
#16 /usr/local/zend/apache2/htdocs/framework/web/CController.php(782): CController->renderPartial('view', Array, true)
#17 /usr/local/zend/apache2/htdocs/aphris/protected/modules/m1/controllers/GTalentController.php(61): CController->render('view', Array)
#18 [internal function]: GTalentController->actionView('2310')
#19 /usr/local/zend/apache2/htdocs/framework/web/actions/CAction.php(108): ReflectionMethod->invokeArgs(Object(GTalentController), Array)
#20 /usr/local/zend/apache2/htdocs/framework/web/actions/CInlineAction.php(47): CAction->runWithParamsInternal(Object(GTalentController), Object(ReflectionMethod), Array)
#21 /usr/local/zend/apache2/htdocs/framework/web/CController.php(308): CInlineAction->runWithParams(Array)
#22 /usr/local/zend/apache2/htdocs/framework/web/filters/CFilterChain.php(133): CController->runAction(Object(CInlineAction))
#23 /usr/local/zend/apache2/htdocs/framework/web/filters/CFilter.php(40): CFilterChain->run()
#24 /usr/local/zend/apache2/htdocs/aphris/protected/components/Controller.php(35): CFilter->filter(Object(CFilterChain))
#25 /usr/local/zend/apache2/htdocs/framework/web/filters/CInlineFilter.php(58): Controller->filterRights(Object(CFilterChain))
#26 /usr/local/zend/apache2/htdocs/framework/web/filters/CFilterChain.php(130): CInlineFilter->filter(Object(CFilterChain))
#27 /usr/local/zend/apache2/htdocs/framework/web/CController.php(291): CFilterChain->run()
#28 /usr/local/zend/apache2/htdocs/framework/web/CController.php(265): CController->runActionWithFilters(Object(CInlineAction), Array)
#29 /usr/local/zend/apache2/htdocs/framework/web/CWebApplication.php(282): CController->run('view')
#30 /usr/local/zend/apache2/htdocs/framework/web/CWebApplication.php(141): CWebApplication->runController('m1/gTalent/view...')
#31 /usr/local/zend/apache2/htdocs/framework/base/CApplication.php(180): CWebApplication->processRequest()
#32 /usr/local/zend/apache2/htdocs/aphris/index.php(9): CApplication->run()
#33 {main}
REQUEST_URI=/aphris/m1/gTalent/view/id/2310
HTTP_REFERER=http://localhost/aphris/m1/gTalent/index?gPerson%5Bemployee_name%5D=rohana&yt0=
---
2013/11/18 19:33:01 [error] [exception.CHttpException.404] exception 'CHttpException' with message 'Unable to resolve the request "assets/4fc82913/css/images/ui-bg_glass_75_ffffff_1x400.png".' in /usr/local/zend/apache2/htdocs/framework/web/CWebApplication.php:286
Stack trace:
#0 /usr/local/zend/apache2/htdocs/framework/web/CWebApplication.php(141): CWebApplication->runController('assets/4fc82913...')
#1 /usr/local/zend/apache2/htdocs/framework/base/CApplication.php(180): CWebApplication->processRequest()
#2 /usr/local/zend/apache2/htdocs/aphris/index.php(9): CApplication->run()
#3 {main}
REQUEST_URI=/aphris/assets/4fc82913/css/images/ui-bg_glass_75_ffffff_1x400.png
HTTP_REFERER=http://localhost/aphris/m1/gTalent/view/id/2310
---
2013/11/18 19:33:22 [error] [exception.CHttpException.404] exception 'CHttpException' with message 'Unable to resolve the request "assets/4fc82913/css/images/ui-bg_glass_75_ffffff_1x400.png".' in /usr/local/zend/apache2/htdocs/framework/web/CWebApplication.php:286
Stack trace:
#0 /usr/local/zend/apache2/htdocs/framework/web/CWebApplication.php(141): CWebApplication->runController('assets/4fc82913...')
#1 /usr/local/zend/apache2/htdocs/framework/base/CApplication.php(180): CWebApplication->processRequest()
#2 /usr/local/zend/apache2/htdocs/aphris/index.php(9): CApplication->run()
#3 {main}
REQUEST_URI=/aphris/assets/4fc82913/css/images/ui-bg_glass_75_ffffff_1x400.png
HTTP_REFERER=http://localhost/aphris/m1/gTalent/view/id/2310
---
2013/11/18 19:33:44 [error] [exception.CHttpException.404] exception 'CHttpException' with message 'Unable to resolve the request "assets/4fc82913/css/images/ui-bg_glass_75_ffffff_1x400.png".' in /usr/local/zend/apache2/htdocs/framework/web/CWebApplication.php:286
Stack trace:
#0 /usr/local/zend/apache2/htdocs/framework/web/CWebApplication.php(141): CWebApplication->runController('assets/4fc82913...')
#1 /usr/local/zend/apache2/htdocs/framework/base/CApplication.php(180): CWebApplication->processRequest()
#2 /usr/local/zend/apache2/htdocs/aphris/index.php(9): CApplication->run()
#3 {main}
REQUEST_URI=/aphris/assets/4fc82913/css/images/ui-bg_glass_75_ffffff_1x400.png
HTTP_REFERER=http://localhost/aphris/m1/gTalent/view/id/2310
---
2013/11/18 19:33:53 [error] [exception.CHttpException.404] exception 'CHttpException' with message 'Unable to resolve the request "assets/4fc82913/css/images/ui-bg_glass_75_ffffff_1x400.png".' in /usr/local/zend/apache2/htdocs/framework/web/CWebApplication.php:286
Stack trace:
#0 /usr/local/zend/apache2/htdocs/framework/web/CWebApplication.php(141): CWebApplication->runController('assets/4fc82913...')
#1 /usr/local/zend/apache2/htdocs/framework/base/CApplication.php(180): CWebApplication->processRequest()
#2 /usr/local/zend/apache2/htdocs/aphris/index.php(9): CApplication->run()
#3 {main}
REQUEST_URI=/aphris/assets/4fc82913/css/images/ui-bg_glass_75_ffffff_1x400.png
HTTP_REFERER=http://localhost/aphris/m1/gTalent/view/id/2310
---
2013/11/18 19:48:34 [error] [exception.CHttpException.404] exception 'CHttpException' with message 'Unable to resolve the request "assets/4fc82913/css/images/ui-bg_glass_75_ffffff_1x400.png".' in /usr/local/zend/apache2/htdocs/framework/web/CWebApplication.php:286
Stack trace:
#0 /usr/local/zend/apache2/htdocs/framework/web/CWebApplication.php(141): CWebApplication->runController('assets/4fc82913...')
#1 /usr/local/zend/apache2/htdocs/framework/base/CApplication.php(180): CWebApplication->processRequest()
#2 /usr/local/zend/apache2/htdocs/aphris/index.php(9): CApplication->run()
#3 {main}
REQUEST_URI=/aphris/assets/4fc82913/css/images/ui-bg_glass_75_ffffff_1x400.png
HTTP_REFERER=http://localhost/aphris/m1/gPerson
---
