2013/12/05 21:56:06 [error] [system.db.CDbCommand] CDbCommand::execute() failed: SQLSTATE[42000]: Syntax error or access violation: 1064 You have an error in your SQL syntax; check the manual that corresponds to your MySQL server version for the right syntax to use near 'r (r.parent_id, r.user_id, r.rating)
					select a.id,1,2 from h_applicant a
	' at line 1. The SQL statement executed was: insert ignore into h_applicant_rating r (r.parent_id, r.user_id, r.rating)
					select a.id,1,2 from h_applicant a
					left join h_applicant_education e on a.id = e.parent_id
					left join h_applicant_experience p on a.id = p.parent_id
					 where a.email is not null and (e.level_id is null or p.company_name is null).
2013/12/05 21:56:06 [error] [exception.CDbException] exception 'CDbException' with message 'CDbCommand failed to execute the SQL statement: SQLSTATE[42000]: Syntax error or access violation: 1064 You have an error in your SQL syntax; check the manual that corresponds to your MySQL server version for the right syntax to use near 'r (r.parent_id, r.user_id, r.rating)
					select a.id,1,2 from h_applicant a
	' at line 1. The SQL statement executed was: insert ignore into h_applicant_rating r (r.parent_id, r.user_id, r.rating)
					select a.id,1,2 from h_applicant a
					left join h_applicant_education e on a.id = e.parent_id
					left join h_applicant_experience p on a.id = p.parent_id
					 where a.email is not null and (e.level_id is null or p.company_name is null)' in /usr/local/zend/apache2/htdocs/framework/db/CDbCommand.php:358
Stack trace:
#0 /usr/local/zend/apache2/htdocs/aphris/protected/commands/cronCommand.php(107): CDbCommand->execute()
#1 [internal function]: cronCommand->actionApplicantRating()
#2 /usr/local/zend/apache2/htdocs/framework/console/CConsoleCommand.php(172): ReflectionMethod->invokeArgs(Object(cronCommand), Array)
#3 /usr/local/zend/apache2/htdocs/framework/console/CConsoleCommandRunner.php(71): CConsoleCommand->run(Array)
#4 /usr/local/zend/apache2/htdocs/framework/console/CConsoleApplication.php(92): CConsoleCommandRunner->run(Array)
#5 /usr/local/zend/apache2/htdocs/framework/base/CApplication.php(180): CConsoleApplication->processRequest()
#6 /usr/local/zend/apache2/htdocs/framework/yiic.php(33): CApplication->run()
#7 /usr/local/zend/apache2/htdocs/aphris/protected/yiic.php(7): require_once('/usr/local/zend...')
#8 /usr/local/zend/apache2/htdocs/aphris/protected/yiic(3): require_once('/usr/local/zend...')
#9 {main}
---
2013/12/05 21:56:50 [error] [system.db.CDbCommand] CDbCommand::execute() failed: SQLSTATE[42000]: Syntax error or access violation: 1064 You have an error in your SQL syntax; check the manual that corresponds to your MySQL server version for the right syntax to use near 'r (parent_id, user_id, rating)
					select a.id,1,2 from h_applicant a
					le' at line 1. The SQL statement executed was: insert ignore into h_applicant_rating r (parent_id, user_id, rating)
					select a.id,1,2 from h_applicant a
					left join h_applicant_education e on a.id = e.parent_id
					left join h_applicant_experience p on a.id = p.parent_id
					 where a.email is not null and (e.level_id is null or p.company_name is null).
2013/12/05 21:56:50 [error] [exception.CDbException] exception 'CDbException' with message 'CDbCommand failed to execute the SQL statement: SQLSTATE[42000]: Syntax error or access violation: 1064 You have an error in your SQL syntax; check the manual that corresponds to your MySQL server version for the right syntax to use near 'r (parent_id, user_id, rating)
					select a.id,1,2 from h_applicant a
					le' at line 1. The SQL statement executed was: insert ignore into h_applicant_rating r (parent_id, user_id, rating)
					select a.id,1,2 from h_applicant a
					left join h_applicant_education e on a.id = e.parent_id
					left join h_applicant_experience p on a.id = p.parent_id
					 where a.email is not null and (e.level_id is null or p.company_name is null)' in /usr/local/zend/apache2/htdocs/framework/db/CDbCommand.php:358
Stack trace:
#0 /usr/local/zend/apache2/htdocs/aphris/protected/commands/cronCommand.php(107): CDbCommand->execute()
#1 [internal function]: cronCommand->actionApplicantRating()
#2 /usr/local/zend/apache2/htdocs/framework/console/CConsoleCommand.php(172): ReflectionMethod->invokeArgs(Object(cronCommand), Array)
#3 /usr/local/zend/apache2/htdocs/framework/console/CConsoleCommandRunner.php(71): CConsoleCommand->run(Array)
#4 /usr/local/zend/apache2/htdocs/framework/console/CConsoleApplication.php(92): CConsoleCommandRunner->run(Array)
#5 /usr/local/zend/apache2/htdocs/framework/base/CApplication.php(180): CConsoleApplication->processRequest()
#6 /usr/local/zend/apache2/htdocs/framework/yiic.php(33): CApplication->run()
#7 /usr/local/zend/apache2/htdocs/aphris/protected/yiic.php(7): require_once('/usr/local/zend...')
#8 /usr/local/zend/apache2/htdocs/aphris/protected/yiic(3): require_once('/usr/local/zend...')
#9 {main}
---
2013/12/05 22:02:20 [error] [system.db.CDbCommand] CDbCommand::execute() failed: SQLSTATE[42000]: Syntax error or access violation: 1064 You have an error in your SQL syntax; check the manual that corresponds to your MySQL server version for the right syntax to use near ')' at line 5. The SQL statement executed was: insert ignore into h_applicant_rating (parent_id, user_id, rating)
					select a.id,1,3 from h_applicant a
					left join h_applicant_education e on a.id = e.parent_id
					left join h_applicant_experience p on a.id = p.parent_id
					 where a.email is not null and e.level_id is not null or p.company_name is not null).
2013/12/05 22:02:20 [error] [exception.CDbException] exception 'CDbException' with message 'CDbCommand failed to execute the SQL statement: SQLSTATE[42000]: Syntax error or access violation: 1064 You have an error in your SQL syntax; check the manual that corresponds to your MySQL server version for the right syntax to use near ')' at line 5. The SQL statement executed was: insert ignore into h_applicant_rating (parent_id, user_id, rating)
					select a.id,1,3 from h_applicant a
					left join h_applicant_education e on a.id = e.parent_id
					left join h_applicant_experience p on a.id = p.parent_id
					 where a.email is not null and e.level_id is not null or p.company_name is not null)' in /usr/local/zend/apache2/htdocs/framework/db/CDbCommand.php:358
Stack trace:
#0 /usr/local/zend/apache2/htdocs/aphris/protected/commands/cronCommand.php(114): CDbCommand->execute()
#1 [internal function]: cronCommand->actionApplicantRating()
#2 /usr/local/zend/apache2/htdocs/framework/console/CConsoleCommand.php(172): ReflectionMethod->invokeArgs(Object(cronCommand), Array)
#3 /usr/local/zend/apache2/htdocs/framework/console/CConsoleCommandRunner.php(71): CConsoleCommand->run(Array)
#4 /usr/local/zend/apache2/htdocs/framework/console/CConsoleApplication.php(92): CConsoleCommandRunner->run(Array)
#5 /usr/local/zend/apache2/htdocs/framework/base/CApplication.php(180): CConsoleApplication->processRequest()
#6 /usr/local/zend/apache2/htdocs/framework/yiic.php(33): CApplication->run()
#7 /usr/local/zend/apache2/htdocs/aphris/protected/yiic.php(7): require_once('/usr/local/zend...')
#8 /usr/local/zend/apache2/htdocs/aphris/protected/yiic(3): require_once('/usr/local/zend...')
#9 {main}
---
2014/01/02 17:16:38 [error] [php] include(gPerson.php): failed to open stream: No such file or directory (/usr/local/zend/apache2/htdocs/framework/YiiBase.php:427)
Stack trace:
#0 /usr/local/zend/apache2/htdocs/aphris/protected/commands/cronCommand.php(47): spl_autoload_call()
#1 unknown(0): cronCommand->actionAutoGeneratedLeave()
#2 /usr/local/zend/apache2/htdocs/framework/console/CConsoleCommand.php(172): ReflectionMethod->invokeArgs()
#3 /usr/local/zend/apache2/htdocs/framework/console/CConsoleCommandRunner.php(71): cronCommand->run()
#4 /usr/local/zend/apache2/htdocs/framework/console/CConsoleApplication.php(92): CConsoleCommandRunner->run()
#5 /usr/local/zend/apache2/htdocs/framework/base/CApplication.php(180): CConsoleApplication->processRequest()
#6 /usr/local/zend/apache2/htdocs/framework/yiic.php(33): CConsoleApplication->run()
#7 /usr/local/zend/apache2/htdocs/aphris/protected/yiic.php(7): require_once()
#8 /usr/local/zend/apache2/htdocs/aphris/protected/yiic(3): require_once()

2014/01/02 17:19:17 [error] [php] include(gPerson.php): failed to open stream: No such file or directory (/usr/local/zend/apache2/htdocs/framework/YiiBase.php:427)
Stack trace:
#0 /usr/local/zend/apache2/htdocs/aphris/protected/commands/cronCommand.php(106): spl_autoload_call()
#1 unknown(0): cronCommand->actionAutoGeneratedChristmasLeave()
#2 /usr/local/zend/apache2/htdocs/framework/console/CConsoleCommand.php(172): ReflectionMethod->invokeArgs()
#3 /usr/local/zend/apache2/htdocs/framework/console/CConsoleCommandRunner.php(71): cronCommand->run()
#4 /usr/local/zend/apache2/htdocs/framework/console/CConsoleApplication.php(92): CConsoleCommandRunner->run()
#5 /usr/local/zend/apache2/htdocs/framework/base/CApplication.php(180): CConsoleApplication->processRequest()
#6 /usr/local/zend/apache2/htdocs/framework/yiic.php(33): CConsoleApplication->run()
#7 /usr/local/zend/apache2/htdocs/aphris/protected/yiic.php(7): require_once()
#8 /usr/local/zend/apache2/htdocs/aphris/protected/yiic(3): require_once()

2014/01/02 17:21:13 [error] [php] include(gPerson.php): failed to open stream: No such file or directory (/usr/local/zend/apache2/htdocs/framework/YiiBase.php:427)
Stack trace:
#0 /usr/local/zend/apache2/htdocs/aphris/protected/commands/cronCommand.php(106): spl_autoload_call()
#1 unknown(0): cronCommand->actionAutoGeneratedChristmasLeave()
#2 /usr/local/zend/apache2/htdocs/framework/console/CConsoleCommand.php(172): ReflectionMethod->invokeArgs()
#3 /usr/local/zend/apache2/htdocs/framework/console/CConsoleCommandRunner.php(71): cronCommand->run()
#4 /usr/local/zend/apache2/htdocs/framework/console/CConsoleApplication.php(92): CConsoleCommandRunner->run()
#5 /usr/local/zend/apache2/htdocs/framework/base/CApplication.php(180): CConsoleApplication->processRequest()
#6 /usr/local/zend/apache2/htdocs/framework/yiic.php(33): CConsoleApplication->run()
#7 /usr/local/zend/apache2/htdocs/aphris/protected/yiic.php(7): require_once()
#8 /usr/local/zend/apache2/htdocs/aphris/protected/yiic(3): require_once()

2014/01/02 17:22:09 [error] [php] include(gPerson.php): failed to open stream: No such file or directory (/usr/local/zend/apache2/htdocs/framework/YiiBase.php:427)
Stack trace:
#0 /usr/local/zend/apache2/htdocs/aphris/protected/commands/cronCommand.php(106): spl_autoload_call()
#1 unknown(0): cronCommand->actionAutoGeneratedChristmasLeave()
#2 /usr/local/zend/apache2/htdocs/framework/console/CConsoleCommand.php(172): ReflectionMethod->invokeArgs()
#3 /usr/local/zend/apache2/htdocs/framework/console/CConsoleCommandRunner.php(71): cronCommand->run()
#4 /usr/local/zend/apache2/htdocs/framework/console/CConsoleApplication.php(92): CConsoleCommandRunner->run()
#5 /usr/local/zend/apache2/htdocs/framework/base/CApplication.php(180): CConsoleApplication->processRequest()
#6 /usr/local/zend/apache2/htdocs/framework/yiic.php(33): CConsoleApplication->run()
#7 /usr/local/zend/apache2/htdocs/aphris/protected/yiic.php(7): require_once()
#8 /usr/local/zend/apache2/htdocs/aphris/protected/yiic(3): require_once()

2014/01/02 17:22:20 [error] [php] include(gPerson.php): failed to open stream: No such file or directory (/usr/local/zend/apache2/htdocs/framework/YiiBase.php:427)
Stack trace:
#0 /usr/local/zend/apache2/htdocs/aphris/protected/commands/cronCommand.php(106): spl_autoload_call()
#1 unknown(0): cronCommand->actionAutoGeneratedChristmasLeave()
#2 /usr/local/zend/apache2/htdocs/framework/console/CConsoleCommand.php(172): ReflectionMethod->invokeArgs()
#3 /usr/local/zend/apache2/htdocs/framework/console/CConsoleCommandRunner.php(71): cronCommand->run()
#4 /usr/local/zend/apache2/htdocs/framework/console/CConsoleApplication.php(92): CConsoleCommandRunner->run()
#5 /usr/local/zend/apache2/htdocs/framework/base/CApplication.php(180): CConsoleApplication->processRequest()
#6 /usr/local/zend/apache2/htdocs/framework/yiic.php(33): CConsoleApplication->run()
#7 /usr/local/zend/apache2/htdocs/aphris/protected/yiic.php(7): require_once()
#8 /usr/local/zend/apache2/htdocs/aphris/protected/yiic(3): require_once()

2014/01/02 17:22:35 [error] [php] include(gPerson.php): failed to open stream: No such file or directory (/usr/local/zend/apache2/htdocs/framework/YiiBase.php:427)
Stack trace:
#0 /usr/local/zend/apache2/htdocs/aphris/protected/commands/cronCommand.php(106): spl_autoload_call()
#1 unknown(0): cronCommand->actionAutoGeneratedChristmasLeave()
#2 /usr/local/zend/apache2/htdocs/framework/console/CConsoleCommand.php(172): ReflectionMethod->invokeArgs()
#3 /usr/local/zend/apache2/htdocs/framework/console/CConsoleCommandRunner.php(71): cronCommand->run()
#4 /usr/local/zend/apache2/htdocs/framework/console/CConsoleApplication.php(92): CConsoleCommandRunner->run()
#5 /usr/local/zend/apache2/htdocs/framework/base/CApplication.php(180): CConsoleApplication->processRequest()
#6 /usr/local/zend/apache2/htdocs/framework/yiic.php(33): CConsoleApplication->run()
#7 /usr/local/zend/apache2/htdocs/aphris/protected/yiic.php(7): require_once()
#8 /usr/local/zend/apache2/htdocs/aphris/protected/yiic(3): require_once()

2014/01/02 17:23:32 [error] [php] include(DateTimeI18NBehavior.php): failed to open stream: No such file or directory (/usr/local/zend/apache2/htdocs/framework/YiiBase.php:427)
Stack trace:
#0 /usr/local/zend/apache2/htdocs/framework/YiiBase.php(196): import()
#1 /usr/local/zend/apache2/htdocs/framework/base/CComponent.php(329): createComponent()
#2 /usr/local/zend/apache2/htdocs/framework/base/CComponent.php(298): gPerson->attachBehavior()
#3 /usr/local/zend/apache2/htdocs/framework/db/ar/CActiveRecord.php(396): gPerson->attachBehaviors()
#4 /usr/local/zend/apache2/htdocs/aphris/protected/components/BaseModel.php(9): model()
#5 /usr/local/zend/apache2/htdocs/aphris/protected/modules/m1/models/gPerson.php(53): model()
#6 /usr/local/zend/apache2/htdocs/aphris/protected/commands/cronCommand.php(106): model()
#7 unknown(0): cronCommand->actionAutoGeneratedChristmasLeave()
#8 /usr/local/zend/apache2/htdocs/framework/console/CConsoleCommand.php(172): ReflectionMethod->invokeArgs()
#9 /usr/local/zend/apache2/htdocs/framework/console/CConsoleCommandRunner.php(71): cronCommand->run()
#10 /usr/local/zend/apache2/htdocs/framework/console/CConsoleApplication.php(92): CConsoleCommandRunner->run()
#11 /usr/local/zend/apache2/htdocs/framework/base/CApplication.php(180): CConsoleApplication->processRequest()
#12 /usr/local/zend/apache2/htdocs/framework/yiic.php(33): CConsoleApplication->run()
#13 /usr/local/zend/apache2/htdocs/aphris/protected/yiic.php(7): require_once()
#14 /usr/local/zend/apache2/htdocs/aphris/protected/yiic(3): require_once()

2014/01/02 17:24:15 [error] [php] include(DateTimeI18NBehavior.php): failed to open stream: No such file or directory (/usr/local/zend/apache2/htdocs/framework/YiiBase.php:427)
Stack trace:
#0 /usr/local/zend/apache2/htdocs/framework/YiiBase.php(196): import()
#1 /usr/local/zend/apache2/htdocs/framework/base/CComponent.php(329): createComponent()
#2 /usr/local/zend/apache2/htdocs/framework/base/CComponent.php(298): gPerson->attachBehavior()
#3 /usr/local/zend/apache2/htdocs/framework/db/ar/CActiveRecord.php(396): gPerson->attachBehaviors()
#4 /usr/local/zend/apache2/htdocs/aphris/protected/components/BaseModel.php(9): model()
#5 /usr/local/zend/apache2/htdocs/aphris/protected/modules/m1/models/gPerson.php(53): model()
#6 /usr/local/zend/apache2/htdocs/aphris/protected/commands/cronCommand.php(106): model()
#7 unknown(0): cronCommand->actionAutoGeneratedChristmasLeave()
#8 /usr/local/zend/apache2/htdocs/framework/console/CConsoleCommand.php(172): ReflectionMethod->invokeArgs()
#9 /usr/local/zend/apache2/htdocs/framework/console/CConsoleCommandRunner.php(71): cronCommand->run()
#10 /usr/local/zend/apache2/htdocs/framework/console/CConsoleApplication.php(92): CConsoleCommandRunner->run()
#11 /usr/local/zend/apache2/htdocs/framework/base/CApplication.php(180): CConsoleApplication->processRequest()
#12 /usr/local/zend/apache2/htdocs/framework/yiic.php(33): CConsoleApplication->run()
#13 /usr/local/zend/apache2/htdocs/aphris/protected/yiic.php(7): require_once()
#14 /usr/local/zend/apache2/htdocs/aphris/protected/yiic(3): require_once()

2014/01/02 17:24:48 [error] [php] Trying to get property of non-object (/usr/local/zend/apache2/htdocs/aphris/protected/modules/m1/models/gPerson.php:125)
Stack trace:
#0 /usr/local/zend/apache2/htdocs/framework/db/ar/CActiveRecord.php(658): gPerson->getMetaData()
#1 /usr/local/zend/apache2/htdocs/framework/db/ar/CActiveRecord.php(1485): gPerson->getTableSchema()
#2 /usr/local/zend/apache2/htdocs/aphris/protected/commands/cronCommand.php(106): gPerson->findByPk()
#3 unknown(0): cronCommand->actionAutoGeneratedChristmasLeave()
#4 /usr/local/zend/apache2/htdocs/framework/console/CConsoleCommand.php(172): ReflectionMethod->invokeArgs()
#5 /usr/local/zend/apache2/htdocs/framework/console/CConsoleCommandRunner.php(71): cronCommand->run()
#6 /usr/local/zend/apache2/htdocs/framework/console/CConsoleApplication.php(92): CConsoleCommandRunner->run()
#7 /usr/local/zend/apache2/htdocs/framework/base/CApplication.php(180): CConsoleApplication->processRequest()
#8 /usr/local/zend/apache2/htdocs/framework/yiic.php(33): CConsoleApplication->run()
#9 /usr/local/zend/apache2/htdocs/aphris/protected/yiic.php(7): require_once()
#10 /usr/local/zend/apache2/htdocs/aphris/protected/yiic(3): require_once()

2014/01/02 17:34:25 [error] [system.db.CDbCommand] CDbCommand::execute() failed: SQLSTATE[42000]: Syntax error or access violation: 1064 You have an error in your SQL syntax; check the manual that corresponds to your MySQL server version for the right syntax to use near '-4,2)' at line 5. The SQL statement executed was: insert into g_leave 
			(parent_id, input_date, start_date, end_date, number_of_day, leave_reason, mass_leave, person_leave, balance, approved_id) VALUES 
			(2321,'2013-12-26','2013-12-26',
			'2013-12-31',4,
			'Cuti Masal Natal 2013',-4,,-4,2).
2014/01/02 17:34:25 [error] [exception.CDbException] exception 'CDbException' with message 'CDbCommand failed to execute the SQL statement: SQLSTATE[42000]: Syntax error or access violation: 1064 You have an error in your SQL syntax; check the manual that corresponds to your MySQL server version for the right syntax to use near '-4,2)' at line 5. The SQL statement executed was: insert into g_leave 
			(parent_id, input_date, start_date, end_date, number_of_day, leave_reason, mass_leave, person_leave, balance, approved_id) VALUES 
			(2321,'2013-12-26','2013-12-26',
			'2013-12-31',4,
			'Cuti Masal Natal 2013',-4,,-4,2)' in /usr/local/zend/apache2/htdocs/framework/db/CDbCommand.php:358
Stack trace:
#0 /usr/local/zend/apache2/htdocs/aphris/protected/commands/cronCommand.php(140): CDbCommand->execute()
#1 [internal function]: cronCommand->actionAutoGeneratedChristmasLeave()
#2 /usr/local/zend/apache2/htdocs/framework/console/CConsoleCommand.php(172): ReflectionMethod->invokeArgs(Object(cronCommand), Array)
#3 /usr/local/zend/apache2/htdocs/framework/console/CConsoleCommandRunner.php(71): CConsoleCommand->run(Array)
#4 /usr/local/zend/apache2/htdocs/framework/console/CConsoleApplication.php(92): CConsoleCommandRunner->run(Array)
#5 /usr/local/zend/apache2/htdocs/framework/base/CApplication.php(180): CConsoleApplication->processRequest()
#6 /usr/local/zend/apache2/htdocs/framework/yiic.php(33): CApplication->run()
#7 /usr/local/zend/apache2/htdocs/aphris/protected/yiic.php(7): require_once('/usr/local/zend...')
#8 /usr/local/zend/apache2/htdocs/aphris/protected/yiic(3): require_once('/usr/local/zend...')
#9 {main}
---
2014/01/02 17:36:21 [error] [system.db.CDbCommand] CDbCommand::execute() failed: SQLSTATE[42000]: Syntax error or access violation: 1064 You have an error in your SQL syntax; check the manual that corresponds to your MySQL server version for the right syntax to use near '-4,2)' at line 5. The SQL statement executed was: insert into g_leave 
			(parent_id, input_date, start_date, end_date, number_of_day, leave_reason, mass_leave, person_leave, balance, approved_id) VALUES 
			(2321,'2013-12-26','2013-12-26',
			'2013-12-31',4,
			'Cuti Masal Natal 2013',-4,,-4,2).
2014/01/02 17:36:21 [error] [exception.CDbException] exception 'CDbException' with message 'CDbCommand failed to execute the SQL statement: SQLSTATE[42000]: Syntax error or access violation: 1064 You have an error in your SQL syntax; check the manual that corresponds to your MySQL server version for the right syntax to use near '-4,2)' at line 5. The SQL statement executed was: insert into g_leave 
			(parent_id, input_date, start_date, end_date, number_of_day, leave_reason, mass_leave, person_leave, balance, approved_id) VALUES 
			(2321,'2013-12-26','2013-12-26',
			'2013-12-31',4,
			'Cuti Masal Natal 2013',-4,,-4,2)' in /usr/local/zend/apache2/htdocs/framework/db/CDbCommand.php:358
Stack trace:
#0 /usr/local/zend/apache2/htdocs/aphris/protected/commands/cronCommand.php(138): CDbCommand->execute()
#1 [internal function]: cronCommand->actionAutoGeneratedChristmasLeave()
#2 /usr/local/zend/apache2/htdocs/framework/console/CConsoleCommand.php(172): ReflectionMethod->invokeArgs(Object(cronCommand), Array)
#3 /usr/local/zend/apache2/htdocs/framework/console/CConsoleCommandRunner.php(71): CConsoleCommand->run(Array)
#4 /usr/local/zend/apache2/htdocs/framework/console/CConsoleApplication.php(92): CConsoleCommandRunner->run(Array)
#5 /usr/local/zend/apache2/htdocs/framework/base/CApplication.php(180): CConsoleApplication->processRequest()
#6 /usr/local/zend/apache2/htdocs/framework/yiic.php(33): CApplication->run()
#7 /usr/local/zend/apache2/htdocs/aphris/protected/yiic.php(7): require_once('/usr/local/zend...')
#8 /usr/local/zend/apache2/htdocs/aphris/protected/yiic(3): require_once('/usr/local/zend...')
#9 {main}
---
2014/01/02 17:37:36 [error] [system.db.CDbCommand] CDbCommand::execute() failed: SQLSTATE[42000]: Syntax error or access violation: 1064 You have an error in your SQL syntax; check the manual that corresponds to your MySQL server version for the right syntax to use near '-4,2)' at line 5. The SQL statement executed was: insert into g_leave 
			(parent_id, input_date, start_date, end_date, number_of_day, leave_reason, mass_leave, person_leave, balance, approved_id) VALUES 
			(2357,'2013-12-26','2013-12-26',
			'2013-12-31',4,
			'Cuti Masal Natal 2013',-4,,-4,2).
2014/01/02 17:37:36 [error] [exception.CDbException] exception 'CDbException' with message 'CDbCommand failed to execute the SQL statement: SQLSTATE[42000]: Syntax error or access violation: 1064 You have an error in your SQL syntax; check the manual that corresponds to your MySQL server version for the right syntax to use near '-4,2)' at line 5. The SQL statement executed was: insert into g_leave 
			(parent_id, input_date, start_date, end_date, number_of_day, leave_reason, mass_leave, person_leave, balance, approved_id) VALUES 
			(2357,'2013-12-26','2013-12-26',
			'2013-12-31',4,
			'Cuti Masal Natal 2013',-4,,-4,2)' in /usr/local/zend/apache2/htdocs/framework/db/CDbCommand.php:358
Stack trace:
#0 /usr/local/zend/apache2/htdocs/aphris/protected/commands/cronCommand.php(138): CDbCommand->execute()
#1 [internal function]: cronCommand->actionAutoGeneratedChristmasLeave()
#2 /usr/local/zend/apache2/htdocs/framework/console/CConsoleCommand.php(172): ReflectionMethod->invokeArgs(Object(cronCommand), Array)
#3 /usr/local/zend/apache2/htdocs/framework/console/CConsoleCommandRunner.php(71): CConsoleCommand->run(Array)
#4 /usr/local/zend/apache2/htdocs/framework/console/CConsoleApplication.php(92): CConsoleCommandRunner->run(Array)
#5 /usr/local/zend/apache2/htdocs/framework/base/CApplication.php(180): CConsoleApplication->processRequest()
#6 /usr/local/zend/apache2/htdocs/framework/yiic.php(33): CApplication->run()
#7 /usr/local/zend/apache2/htdocs/aphris/protected/yiic.php(7): require_once('/usr/local/zend...')
#8 /usr/local/zend/apache2/htdocs/aphris/protected/yiic(3): require_once('/usr/local/zend...')
#9 {main}
---
